<?xml version="1.0" encoding="UTF-8"?>
<coverage generated="1598702199">
    <project timestamp="1598702199">
        <!-- coverage 90% -->
        <file name="/home/workspace/test\case/standard-above-threshold.php">
            <metrics loc="11"
                     ncloc="11"
                     classes="0"
                     methods="0"
                     coveredmethods="0"
                     conditionals="0"
                     coveredconditionals="0"
                     statements="10"
                     coveredstatements="9"
                     elements="0"
                     coveredelements="0"/>
            <line num="1" type="method" name="methodName" count="1"/>
            <line num="2" type="stmt" count="1"/>
            <line num="3" type="stmt" count="1"/>
            <line num="4" type="stmt" count="1"/>
            <line num="5" type="stmt" count="1"/>
            <line num="6" type="stmt" count="1"/>
            <line num="7" type="stmt" count="1"/>
            <line num="8" type="stmt" count="1"/>
            <line num="9" type="stmt" count="1"/>
            <line num="10" type="stmt" count="0"/>
            <line num="11" type="stmt" count="1"/>
        </file>
        <!-- coverage 70% -->
        <file name="/home\workspace/test/case/standard-below-threshold.php">
            <metrics loc="11"
                     ncloc="11"
                     classes="0"
                     methods="0"
                     coveredmethods="0"
                     conditionals="0"
                     coveredconditionals="0"
                     statements="10"
                     coveredstatements="7"
                     elements="0"
                     coveredelements="0"/>
            <line num="1" type="method" name="methodName" count="1"/>
            <line num="2" type="stmt" count="1"/>
            <line num="3" type="stmt" count="1"/>
            <line num="4" type="stmt" count="1"/>
            <line num="5" type="stmt" count="1"/>
            <line num="6" type="stmt" count="0"/>
            <line num="7" type="stmt" count="1"/>
            <line num="8" type="stmt" count="0"/>
            <line num="9" type="stmt" count="1"/>
            <line num="10" type="stmt" count="0"/>
            <line num="11" type="stmt" count="1"/>
        </file>

        <!-- coverage directory coverage below threshold -->
        <file name="/home\workspace/test/directory/standard-below-threshold.php">
            <metrics loc="11"
                     ncloc="11"
                     classes="0"
                     methods="0"
                     coveredmethods="0"
                     conditionals="0"
                     coveredconditionals="0"
                     statements="10"
                     coveredstatements="6"
                     elements="0"
                     coveredelements="0"/>
            <line num="1" type="method" name="methodName" count="1"/>
            <line num="2" type="stmt" count="0"/>
            <line num="3" type="stmt" count="1"/>
            <line num="4" type="stmt" count="0"/>
            <line num="5" type="stmt" count="1"/>
            <line num="6" type="stmt" count="1"/>
            <line num="7" type="stmt" count="1"/>
            <line num="8" type="stmt" count="0"/>
            <line num="9" type="stmt" count="1"/>
            <line num="10" type="stmt" count="0"/>
            <line num="11" type="stmt" count="1"/>
        </file>
        <!-- coverage directory coverage above threshold -->
        <file name="/home\workspace/test/directory/standard-above-threshold.php">
            <metrics loc="11"
                     ncloc="11"
                     classes="0"
                     methods="0"
                     coveredmethods="0"
                     conditionals="0"
                     coveredconditionals="0"
                     statements="10"
                     coveredstatements="9"
                     elements="0"
                     coveredelements="0"/>
            <line num="1" type="method" name="methodName" count="1"/>
            <line num="2" type="stmt" count="1"/>
            <line num="3" type="stmt" count="1"/>
            <line num="4" type="stmt" count="1"/>
            <line num="5" type="stmt" count="1"/>
            <line num="6" type="stmt" count="1"/>
            <line num="7" type="stmt" count="1"/>
            <line num="8" type="stmt" count="1"/>
            <line num="9" type="stmt" count="1"/>
            <line num="10" type="stmt" count="0"/>
            <line num="11" type="stmt" count="1"/>
        </file>

        <!-- custom configured files -->
        <!-- coverage 60% -->
        <file name="/home/workspace/test/case/above-threshold.php">
            <metrics loc="11"
                     ncloc="11"
                     classes="0"
                     methods="0"
                     coveredmethods="0"
                     conditionals="0"
                     coveredconditionals="0"
                     statements="5"
                     coveredstatements="3"
                     elements="0"
                     coveredelements="0"/>
            <line num="1" type="method" name="methodName" count="1"/>
            <line num="2" type="stmt" count="1"/>
            <line num="3" type="stmt" count="0"/>
            <line num="4" type="stmt" count="1"/>
            <line num="5" type="stmt" count="0"/>
            <line num="6" type="stmt" count="1"/>
        </file>
        <!-- coverage 50% -->
        <file name="/home\workspace/test/case\below-threshold.php">
            <metrics loc="11"
                     ncloc="11"
                     classes="0"
                     methods="0"
                     coveredmethods="0"
                     conditionals="0"
                     coveredconditionals="0"
                     statements="2"
                     coveredstatements="1"
                     elements="0"
                     coveredelements="0"/>
            <line num="1" type="method" name="methodName" count="1"/>
            <line num="2" type="stmt" count="1"/>
            <line num="3" type="stmt" count="0"/>
        </file>

        <!-- coverage 90% -->
        <file name="\home/workspace/test/case\unnecessary-custom-rule.php">
            <metrics loc="11"
                     ncloc="11"
                     classes="0"
                     methods="0"
                     coveredmethods="0"
                     conditionals="0"
                     coveredconditionals="0"
                     statements="10"
                     coveredstatements="9"
                     elements="0"
                     coveredelements="0"/>
            <line num="1" type="method" name="methodName" count="1"/>
            <line num="2" type="stmt" count="1"/>
            <line num="3" type="stmt" count="1"/>
            <line num="4" type="stmt" count="1"/>
            <line num="5" type="stmt" count="1"/>
            <line num="6" type="stmt" count="1"/>
            <line num="7" type="stmt" count="1"/>
            <line num="8" type="stmt" count="1"/>
            <line num="9" type="stmt" count="1"/>
            <line num="10" type="stmt" count="0"/>
            <line num="11" type="stmt" count="1"/>
        </file>

        <!-- coverage 90% and uncovered methods -->
        <file name="/home/workspace/test/case/uncovered-method.php">
            <line num="16" type="method" name="__construct" visibility="public" complexity="1" crap="2" count="0"/>
            <line num="30" type="method" name="myMethod" visibility="public" complexity="3" crap="3" count="2"/>
            <metrics loc="11"
                     ncloc="11"
                     classes="0"
                     methods="0"
                     coveredmethods="0"
                     conditionals="0"
                     coveredconditionals="0"
                     statements="10"
                     coveredstatements="9"
                     elements="0"
                     coveredelements="0"/>
            <line num="1" type="method" name="methodName" count="1"/>
            <line num="2" type="stmt" count="1"/>
            <line num="3" type="stmt" count="1"/>
            <line num="4" type="stmt" count="1"/>
            <line num="5" type="stmt" count="1"/>
            <line num="6" type="stmt" count="1"/>
            <line num="7" type="stmt" count="1"/>
            <line num="8" type="stmt" count="1"/>
            <line num="9" type="stmt" count="1"/>
            <line num="10" type="stmt" count="0"/>
            <line num="11" type="stmt" count="1"/>
        </file>

        <!-- coverage 90% and ignore uncovered methods -->
        <file name="/home/workspace/test/case/ignored-uncovered-method.php">
            <line num="16" type="method" name="__construct" visibility="public" complexity="1" crap="2" count="0"/>
            <metrics loc="11"
                     ncloc="11"
                     classes="0"
                     methods="0"
                     coveredmethods="0"
                     conditionals="0"
                     coveredconditionals="0"
                     statements="10"
                     coveredstatements="9"
                     elements="0"
                     coveredelements="0"/>
            <line num="1" type="method" name="methodName" count="1"/>
            <line num="2" type="stmt" count="1"/>
            <line num="3" type="stmt" count="1"/>
            <line num="4" type="stmt" count="1"/>
            <line num="5" type="stmt" count="1"/>
            <line num="6" type="stmt" count="1"/>
            <line num="7" type="stmt" count="1"/>
            <line num="8" type="stmt" count="1"/>
            <line num="9" type="stmt" count="1"/>
            <line num="10" type="stmt" count="0"/>
            <line num="11" type="stmt" count="1"/>
        </file>
    </project>
</coverage>
