<?xml version="1.0" encoding="UTF-8"?>
<coverage generated="1598702199">
    <project timestamp="1598702199">
        <!-- coverage 90% -->
        <file name="/home/workspace/test\case/standard-above-threshold.php">
            <metrics loc="11"
                     ncloc="11"
                     classes="0"
                     methods="0"
                     coveredmethods="0"
                     conditionals="0"
                     coveredconditionals="0"
                     statements="100"
                     coveredstatements="90"
                     elements="0"
                     coveredelements="0"/>
        </file>
        <!-- coverage 70% -->
        <file name="/home\workspace/test/case/standard-below-threshold.php">
            <metrics loc="11"
                     ncloc="11"
                     classes="0"
                     methods="0"
                     coveredmethods="0"
                     conditionals="0"
                     coveredconditionals="0"
                     statements="100"
                     coveredstatements="70"
                     elements="0"
                     coveredelements="0"/>
        </file>

        <!-- coverage directory coverage below threshold -->
        <file name="/home\workspace/test/directory/standard-below-threshold.php">
            <metrics loc="11"
                     ncloc="11"
                     classes="0"
                     methods="0"
                     coveredmethods="0"
                     conditionals="0"
                     coveredconditionals="0"
                     statements="100"
                     coveredstatements="85"
                     elements="0"
                     coveredelements="0"/>
        </file>
        <!-- coverage directory coverage above threshold -->
        <file name="/home\workspace/test/directory/standard-above-threshold.php">
            <metrics loc="11"
                     ncloc="11"
                     classes="0"
                     methods="0"
                     coveredmethods="0"
                     conditionals="0"
                     coveredconditionals="0"
                     statements="100"
                     coveredstatements="95"
                     elements="0"
                     coveredelements="0"/>
        </file>
        <!-- coverage same test 90% -->
        <file name="/home/workspace/test\case/result-same-test.php">
            <metrics loc="11"
                     ncloc="11"
                     classes="0"
                     methods="0"
                     coveredmethods="0"
                     conditionals="0"
                     coveredconditionals="0"
                     statements="100"
                     coveredstatements="90"
                     elements="0"
                     coveredelements="0"/>
        </file>
    </project>
</coverage>
